Release 14.4 - xst P.49d (nt64)
Copyright (c) 1995-2012 Xilinx, Inc.  All rights reserved.
--> Parameter TMPDIR set to xst/projnav.tmp


Total REAL time to Xst completion: 0.00 secs
Total CPU time to Xst completion: 0.23 secs
 
--> Parameter xsthdpdir set to xst


Total REAL time to Xst completion: 0.00 secs
Total CPU time to Xst completion: 0.24 secs
 
--> Reading design: full_163bitmul.prj

TABLE OF CONTENTS
  1) Synthesis Options Summary
  2) HDL Parsing
  3) HDL Elaboration
  4) HDL Synthesis
       4.1) HDL Synthesis Report
  5) Advanced HDL Synthesis
       5.1) Advanced HDL Synthesis Report
  6) Low Level Synthesis
  7) Partition Report
  8) Design Summary
       8.1) Primitive and Black Box Usage
       8.2) Device utilization summary
       8.3) Partition Resource Summary
       8.4) Timing Report
            8.4.1) Clock Information
            8.4.2) Asynchronous Control Signals Information
            8.4.3) Timing Summary
            8.4.4) Timing Details
            8.4.5) Cross Clock Domains Report


=========================================================================
*                      Synthesis Options Summary                        *
=========================================================================
---- Source Parameters
Input File Name                    : "full_163bitmul.prj"
Ignore Synthesis Constraint File   : NO

---- Target Parameters
Output File Name                   : "full_163bitmul"
Output Format                      : NGC
Target Device                      : xc7z020-1-clg484

---- Source Options
Top Module Name                    : full_163bitmul
Automatic FSM Extraction           : YES
FSM Encoding Algorithm             : Auto
Safe Implementation                : No
FSM Style                          : LUT
RAM Extraction                     : Yes
RAM Style                          : Auto
ROM Extraction                     : Yes
Shift Register Extraction          : YES
ROM Style                          : Auto
Resource Sharing                   : YES
Asynchronous To Synchronous        : NO
Shift Register Minimum Size        : 2
Use DSP Block                      : Auto
Automatic Register Balancing       : No

---- Target Options
LUT Combining                      : Auto
Reduce Control Sets                : Auto
Add IO Buffers                     : YES
Global Maximum Fanout              : 100000
Add Generic Clock Buffer(BUFG)     : 32
Register Duplication               : YES
Optimize Instantiated Primitives   : NO
Use Clock Enable                   : Auto
Use Synchronous Set                : Auto
Use Synchronous Reset              : Auto
Pack IO Registers into IOBs        : Auto
Equivalent register Removal        : YES

---- General Options
Optimization Goal                  : Speed
Optimization Effort                : 1
Power Reduction                    : NO
Keep Hierarchy                     : No
Netlist Hierarchy                  : As_Optimized
RTL Output                         : Yes
Global Optimization                : AllClockNets
Read Cores                         : YES
Write Timing Constraints           : NO
Cross Clock Analysis               : NO
Hierarchy Separator                : /
Bus Delimiter                      : <>
Case Specifier                     : Maintain
Slice Utilization Ratio            : 100
BRAM Utilization Ratio             : 100
DSP48 Utilization Ratio            : 100
Auto BRAM Packing                  : NO
Slice Utilization Ratio Delta      : 5

=========================================================================


=========================================================================
*                          HDL Parsing                                  *
=========================================================================
Parsing VHDL file "F:\VHDL projeect\full_163bitmul\xor_2b.vhd" into library work
Parsing entity <xor_2b>.
Parsing architecture <Behavioral> of entity <xor_2b>.
Parsing VHDL file "F:\VHDL projeect\full_163bitmul\reg_dff.vhd" into library work
Parsing entity <reg_dff>.
Parsing architecture <Behavioral> of entity <reg_dff>.
Parsing VHDL file "F:\VHDL projeect\full_163bitmul\and_2.vhd" into library work
Parsing entity <and_2>.
Parsing architecture <Behavioral> of entity <and_2>.
Parsing VHDL file "F:\VHDL projeect\full_163bitmul\full_163bitmul.vhd" into library work
Parsing entity <full_163bitmul>.
Parsing architecture <Behavioral> of entity <full_163bitmul>.

=========================================================================
*                            HDL Elaboration                            *
=========================================================================

Elaborating entity <full_163bitmul> (architecture <Behavioral>) from library <work>.

Elaborating entity <and_2> (architecture <Behavioral>) from library <work>.

Elaborating entity <xor_2b> (architecture <Behavioral>) from library <work>.

Elaborating entity <reg_dff> (architecture <Behavioral>) from library <work>.

=========================================================================
*                           HDL Synthesis                               *
=========================================================================

Synthesizing Unit <full_163bitmul>.
    Related source file is "F:\VHDL projeect\full_163bitmul\full_163bitmul.vhd".
    Summary:
	no macro.
Unit <full_163bitmul> synthesized.

Synthesizing Unit <and_2>.
    Related source file is "F:\VHDL projeect\full_163bitmul\and_2.vhd".
    Summary:
	no macro.
Unit <and_2> synthesized.

Synthesizing Unit <xor_2b>.
    Related source file is "F:\VHDL projeect\full_163bitmul\xor_2b.vhd".
    Summary:
Unit <xor_2b> synthesized.

Synthesizing Unit <reg_dff>.
    Related source file is "F:\VHDL projeect\full_163bitmul\reg_dff.vhd".
    Found 1-bit register for signal <Q>.
    Summary:
	inferred   1 D-type flip-flop(s).
Unit <reg_dff> synthesized.

=========================================================================
HDL Synthesis Report

Macro Statistics
# Registers                                            : 163
 1-bit register                                        : 163
# Xors                                                 : 166
 1-bit xor2                                            : 166

=========================================================================

=========================================================================
*                       Advanced HDL Synthesis                          *
=========================================================================


=========================================================================
Advanced HDL Synthesis Report

Macro Statistics
# Registers                                            : 163
 Flip-Flops                                            : 163
# Xors                                                 : 166
 1-bit xor2                                            : 166

=========================================================================

=========================================================================
*                         Low Level Synthesis                           *
=========================================================================

Optimizing unit <full_163bitmul> ...

Mapping all equations...
Building and optimizing final netlist ...
Found area constraint ratio of 100 (+ 5) on block full_163bitmul, actual ratio is 0.

Final Macro Processing ...

=========================================================================
Final Register Report

Macro Statistics
# Registers                                            : 163
 Flip-Flops                                            : 163

=========================================================================

=========================================================================
*                           Partition Report                            *
=========================================================================

Partition Implementation Status
-------------------------------

  No Partitions were found in this design.

-------------------------------

=========================================================================
*                            Design Summary                             *
=========================================================================

Top Level Output File Name         : full_163bitmul.ngc

Primitive and Black Box Usage:
------------------------------
# BELS                             : 163
#      LUT3                        : 160
#      LUT4                        : 3
# FlipFlops/Latches                : 163
#      FDR                         : 163
# Clock Buffers                    : 1
#      BUFGP                       : 1
# IO Buffers                       : 328
#      IBUF                        : 165
#      OBUF                        : 163

Device utilization summary:
---------------------------

Selected Device : 7z020clg484-1 


Slice Logic Utilization: 
 Number of Slice Registers:             163  out of  106400     0%  
 Number of Slice LUTs:                  163  out of  53200     0%  
    Number used as Logic:               163  out of  53200     0%  

Slice Logic Distribution: 
 Number of LUT Flip Flop pairs used:    163
   Number with an unused Flip Flop:       0  out of    163     0%  
   Number with an unused LUT:             0  out of    163     0%  
   Number of fully used LUT-FF pairs:   163  out of    163   100%  
   Number of unique control sets:         1

IO Utilization: 
 Number of IOs:                         329
 Number of bonded IOBs:                 329  out of    200   164% (*) 

Specific Feature Utilization:
 Number of BUFG/BUFGCTRLs:                1  out of     32     3%  

WARNING:Xst:1336 -  (*) More than 100% of Device resources are used

---------------------------
Partition Resource Summary:
---------------------------

  No Partitions were found in this design.

---------------------------


=========================================================================
Timing Report

NOTE: THESE TIMING NUMBERS ARE ONLY A SYNTHESIS ESTIMATE.
      FOR ACCURATE TIMING INFORMATION PLEASE REFER TO THE TRACE REPORT
      GENERATED AFTER PLACE-and-ROUTE.

Clock Information:
------------------
-----------------------------------+------------------------+-------+
Clock Signal                       | Clock buffer(FF name)  | Load  |
-----------------------------------+------------------------+-------+
clk                                | BUFGP                  | 163   |
-----------------------------------+------------------------+-------+

Asynchronous Control Signals Information:
----------------------------------------
No asynchronous control signals found in this design

Timing Summary:
---------------
Speed Grade: -1

   Minimum period: 0.837ns (Maximum Frequency: 1194.743MHz)
   Minimum input arrival time before clock: 0.905ns
   Maximum output required time after clock: 0.708ns
   Maximum combinational path delay: No path found

Timing Details:
---------------
All values displayed in nanoseconds (ns)

=========================================================================
Timing constraint: Default period analysis for Clock 'clk'
  Clock period: 0.837ns (frequency: 1194.743MHz)
  Total number of paths / destination ports: 166 / 163
-------------------------------------------------------------------------
Delay:               0.837ns (Levels of Logic = 1)
  Source:            reg_2/Q (FF)
  Destination:       reg_3/Q (FF)
  Source Clock:      clk rising
  Destination Clock: clk rising

  Data Path: reg_2/Q to reg_3/Q
                                Gate     Net
    Cell:in->out      fanout   Delay   Delay  Logical Name (Net Name)
    ----------------------------------------  ------------
     FDR:C->Q              2   0.282   0.491  reg_2/Q (reg_2/Q)
     LUT4:I2->O            1   0.053   0.000  xor_31 (xor_3)
     FDR:D                     0.011          reg_3/Q
    ----------------------------------------
    Total                      0.837ns (0.346ns logic, 0.491ns route)
                                       (41.3% logic, 58.7% route)

=========================================================================
Timing constraint: Default OFFSET IN BEFORE for Clock 'clk'
  Total number of paths / destination ports: 489 / 326
-------------------------------------------------------------------------
Offset:              0.905ns (Levels of Logic = 1)
  Source:            reset (PAD)
  Destination:       reg_0/Q (FF)
  Destination Clock: clk rising

  Data Path: reset to reg_0/Q
                                Gate     Net
    Cell:in->out      fanout   Delay   Delay  Logical Name (Net Name)
    ----------------------------------------  ------------
     IBUF:I->O           163   0.000   0.580  reset_IBUF (reset_IBUF)
     FDR:R                     0.325          reg_0/Q
    ----------------------------------------
    Total                      0.905ns (0.325ns logic, 0.580ns route)
                                       (35.9% logic, 64.1% route)

=========================================================================
Timing constraint: Default OFFSET OUT AFTER for Clock 'clk'
  Total number of paths / destination ports: 163 / 163
-------------------------------------------------------------------------
Offset:              0.708ns (Levels of Logic = 1)
  Source:            reg_162/Q (FF)
  Destination:       c<162> (PAD)
  Source Clock:      clk rising

  Data Path: reg_162/Q to c<162>
                                Gate     Net
    Cell:in->out      fanout   Delay   Delay  Logical Name (Net Name)
    ----------------------------------------  ------------
     FDR:C->Q              5   0.282   0.426  reg_162/Q (reg_162/Q)
     OBUF:I->O                 0.000          c_162_OBUF (c<162>)
    ----------------------------------------
    Total                      0.708ns (0.282ns logic, 0.426ns route)
                                       (39.8% logic, 60.2% route)

=========================================================================

Cross Clock Domains Report:
--------------------------

Clock to Setup on destination clock clk
---------------+---------+---------+---------+---------+
               | Src:Rise| Src:Fall| Src:Rise| Src:Fall|
Source Clock   |Dest:Rise|Dest:Rise|Dest:Fall|Dest:Fall|
---------------+---------+---------+---------+---------+
clk            |    0.837|         |         |         |
---------------+---------+---------+---------+---------+

=========================================================================


Total REAL time to Xst completion: 16.00 secs
Total CPU time to Xst completion: 15.87 secs
 
--> 

Total memory usage is 455444 kilobytes

Number of errors   :    0 (   0 filtered)
Number of warnings :    1 (   0 filtered)
Number of infos    :    0 (   0 filtered)

